<?xml version="1.0" encoding="UTF-8"?>
<testng-results skipped="0" failed="0" ignored="0" total="1" passed="1">
  <reporter-output>
  </reporter-output>
  <suite name="Default suite" duration-ms="304910" started-at="2017-05-09T05:39:03Z" finished-at="2017-05-09T05:44:08Z">
    <groups>
    </groups>
    <test name="Default test" duration-ms="304910" started-at="2017-05-09T05:39:03Z" finished-at="2017-05-09T05:44:08Z">
      <class name="testingFramework.AppTest2">
        <test-method status="PASS" signature="guru99tutorials()[pri:0, instance:testingFramework.AppTest2@38203]" name="guru99tutorials" duration-ms="304862" started-at="2017-05-09T08:39:03Z" finished-at="2017-05-09T08:44:08Z">
          <reporter-output>
          </reporter-output>
        </test-method> <!-- guru99tutorials -->
      </class> <!-- testingFramework.AppTest2 -->
    </test> <!-- Default test -->
  </suite> <!-- Default suite -->
</testng-results>
